{"/Users/chenxiaoqiang/Documents/learnProj/ts开发axios/ts-axios-mydemo/src/ts-axios-mydemo.ts": {"path":"/Users/chenxiaoqiang/Documents/learnProj/ts开发axios/ts-axios-mydemo/src/ts-axios-mydemo.ts","statementMap":{"0":{"start":{"line":4,"column":0},"end":{"line":6,"column":0}},"1":{"start":{"line":6,"column":0},"end":{"line":6,"column":1}}},"fnMap":{"0":{"name":"(anonymous_0)","decl":{"start":{"line":4,"column":0},"end":{"line":null,"column":-1}},"loc":{"start":{"line":4,"column":0},"end":{"line":4,"column":-1}}}},"branchMap":{},"s":{"0":1,"1":1},"f":{"0":2},"b":{}}
}
